#
# A fatal error has been detected by the Java Runtime Environment:
#
#  Internal Error (javaClasses.cpp:129), pid=5912, tid=5336
#  fatal error: Invalid layout of preloaded class
#
# JRE version: 7.0_21-b11
# Java VM: Java HotSpot(TM) 64-Bit Server VM (23.21-b01 mixed mode windows-amd64 compressed oops)
# Failed to write core dump. Minidumps are not enabled by default on client versions of Windows
#
# If you would like to submit a bug report, please visit:
#   http://bugreport.sun.com/bugreport/crash.jsp
#

---------------  T H R E A D  ---------------

Current thread (0x000000000085d800):  JavaThread "Unknown thread" [_thread_in_vm, id=5336, stack(0x0000000001fa0000,0x00000000020a0000)]

Stack: [0x0000000001fa0000,0x00000000020a0000]

---------------  P R O C E S S  ---------------

Java Threads: ( => current thread )

Other Threads:

=>0x000000000085d800 (exited) JavaThread "Unknown thread" [_thread_in_vm, id=5336, stack(0x0000000001fa0000,0x00000000020a0000)]

VM state:not at safepoint (not fully initialized)

VM Mutex/Monitor currently owned by a thread: None

GC Heap History (0 events):
No events

Deoptimization events (0 events):
No events

Internal exceptions (0 events):
No events

Events (10 events):
Event: 0.019 loading class 0x00000000020e96f0 done
Event: 0.019 loading class 0x00000000020affb0 done
Event: 0.019 loading class 0x00000000020afd10
Event: 0.019 loading class 0x00000000020f16f0
Event: 0.019 loading class 0x00000000020f16f0 done
Event: 0.019 loading class 0x00000000020f0ff0
Event: 0.019 loading class 0x00000000020f0ff0 done
Event: 0.019 loading class 0x000000000213c320
Event: 0.019 loading class 0x000000000213c320 done
Event: 0.020 loading class 0x00000000020afd10 done


Dynamic libraries:
0x000007f6c91d0000 - 0x000007f6c9203000 	C:\Program Files\Java\jre7\bin\javaw.exe
0x000007f967850000 - 0x000007f967a10000 	C:\WINDOWS\SYSTEM32\ntdll.dll
0x000007f967440000 - 0x000007f967576000 	C:\WINDOWS\system32\KERNEL32.DLL
0x000007f9649b0000 - 0x000007f964aa3000 	C:\WINDOWS\system32\KERNELBASE.dll
0x000007f966270000 - 0x000007f96634e000 	C:\WINDOWS\system32\ADVAPI32.dll
0x000007f966460000 - 0x000007f9665ac000 	C:\WINDOWS\system32\USER32.dll
0x000007f9616f0000 - 0x000007f96195a000 	C:\WINDOWS\WinSxS\amd64_microsoft.windows.common-controls_6595b64144ccf1df_6.0.9200.16579_none_418ab7ef718b27ef\COMCTL32.dll
0x000007f966e40000 - 0x000007f966ee5000 	C:\WINDOWS\system32\msvcrt.dll
0x000007f967080000 - 0x000007f9670c8000 	C:\WINDOWS\SYSTEM32\sechost.dll
0x000007f966b80000 - 0x000007f966cc5000 	C:\WINDOWS\system32\RPCRT4.dll
0x000007f966a30000 - 0x000007f966b71000 	C:\WINDOWS\system32\GDI32.dll
0x000007f966350000 - 0x000007f966389000 	C:\WINDOWS\system32\IMM32.DLL
0x000007f967580000 - 0x000007f967696000 	C:\WINDOWS\system32\MSCTF.dll
0x0000000071150000 - 0x0000000071221000 	C:\Program Files\Java\jre7\bin\msvcr100.dll
0x0000000070a20000 - 0x0000000071141000 	C:\Program Files\Java\jre7\bin\server\jvm.dll
0x000007f959ff0000 - 0x000007f959ff9000 	C:\WINDOWS\SYSTEM32\WSOCK32.dll
0x000007f9610f0000 - 0x000007f961110000 	C:\WINDOWS\SYSTEM32\WINMM.dll
0x000007f966260000 - 0x000007f966267000 	C:\WINDOWS\system32\PSAPI.DLL
0x000007f9670d0000 - 0x000007f967128000 	C:\WINDOWS\system32\WS2_32.dll
0x000007f960bf0000 - 0x000007f960c23000 	C:\WINDOWS\SYSTEM32\WINMMBASE.dll
0x000007f966ef0000 - 0x000007f966ef9000 	C:\WINDOWS\system32\NSI.dll
0x000007f964bf0000 - 0x000007f964c3f000 	C:\WINDOWS\SYSTEM32\cfgmgr32.dll
0x000007f964ab0000 - 0x000007f964ad2000 	C:\WINDOWS\system32\DEVOBJ.dll
0x0000000070a10000 - 0x0000000070a1f000 	C:\Program Files\Java\jre7\bin\verify.dll
0x00000000709e0000 - 0x0000000070a08000 	C:\Program Files\Java\jre7\bin\java.dll
0x00000000709c0000 - 0x00000000709d5000 	C:\Program Files\Java\jre7\bin\zip.dll

VM Arguments:
jvm_args: -Dfile.encoding=Cp1252 -Xbootclasspath:D:\adt-bundle-windows-x86_64-20130729\adt-bundle-windows-x86_64-20130729\sdk\platforms\android-18\android.jar 
java_command: com.example.androidplotexample.RestApi
Launcher Type: SUN_STANDARD

Environment Variables:
PATH=C:\WINDOWS\system32;C:\WINDOWS;C:\WINDOWS\System32\Wbem;C:\WINDOWS\System32\WindowsPowerShell\v1.0\;C:\Program Files\Microsoft SQL Server\110\Tools\Binn\;D:\Program Files\TortoiseSVN\bin;C:\Program Files\Microsoft\Web Platform Installer\;C:\Program Files (x86)\Microsoft ASP.NET\ASP.NET Web Pages\v1.0\;C:\Program Files (x86)\Windows Kits\8.0\Windows Performance Toolkit\;D:\OpenCV246\build\x86\vc10\bin;D:\Program Files\MySQL\MySQL Utilities 1.3.4\;D:\Program Files\TortoiseGit\bin;D:\RailsInstaller\Git\cmd;D:\RailsInstaller\Ruby1.9.3\bin;D:\OpenCV\build\x86\vc11\bin
USERNAME=Carlos
OS=Windows_NT
PROCESSOR_IDENTIFIER=Intel64 Family 6 Model 37 Stepping 5, GenuineIntel



---------------  S Y S T E M  ---------------

OS: Windows 8 , 64 bit Build 9200 

CPU:total 4 (2 cores per cpu, 2 threads per core) family 6 model 37 stepping 5, cmov, cx8, fxsr, mmx, sse, sse2, sse3, ssse3, sse4.1, sse4.2, popcnt, ht, tsc, tscinvbit

Memory: 4k page, physical 3977780k(1370024k free), swap 8066788k(4225884k free)

vm_info: Java HotSpot(TM) 64-Bit Server VM (23.21-b01) for windows-amd64 JRE (1.7.0_21-b11), built on Apr  4 2013 08:11:28 by "java_re" with unknown MS VC++:1600

time: Sat Nov 16 15:03:01 2013
elapsed time: 0 seconds

